This is TeX, C Version 3.14t3 (format=olplain 91.5.5)  21 AUG 1991 13:55
**&olatex haskell.tex
(haskell.tex
LaTeX Version 2.09 <14 January 1991>
(/usr/local/tex/inputs/article.sty
Document Style `article' <16 Mar 88>.
(/usr/local/tex/inputs/art11.sty)
\c@part=\count79
\c@section=\count80
\c@subsection=\count81
\c@subsubsection=\count82
\c@paragraph=\count83
\c@subparagraph=\count84
\c@figure=\count85
\c@table=\count86
) (makeidx.sty)
\@indexfile=\write3

Writing index file haskell.idx 
(haskell.aux) [-1

] [0] (haskell.toc [1])
\tf@toc=\write4
 [2] (preface-11.tex [3

]) [4]
(preface-10.tex [5

] [6] [7]) [8] (intro.tex [1

] [2] (layout.tex [3])) [4]
[5] (lexemes.tex [6

] [7] [8] [9]) [10] (exps.tex [11

] [12] [13] [14] [15]
[16] [17] [18]
Underfull \hbox (badness 10000) in paragraph at lines 612--618


\hbox(0.0+0.0)x433.62
.\glue(\rightskip) 0.0


Underfull \hbox (badness 10000) in paragraph at lines 627--631


\hbox(0.0+0.0)x433.62
.\glue(\rightskip) 0.0

[19]
Underfull \hbox (badness 10000) in paragraph at lines 740--744


\hbox(0.0+0.0)x406.24493
.\glue(\rightskip) 0.0


Underfull \hbox (badness 10000) in paragraph at lines 744--748


\hbox(0.0+0.0)x406.24493
.\glue(\rightskip) 0.0


Underfull \hbox (badness 10000) in paragraph at lines 748--752


\hbox(0.0+0.0)x406.24493
.\glue(\rightskip) 0.0

[20]) [21] [22] (decls.tex [23

] [24] [25] [26] [27] [28]
Underfull \hbox (badness 10000) in paragraph at lines 630--635


\hbox(0.0+0.0)x433.62
.\glue(\rightskip) 0.0

[29] [30] [31] [32] [33] [34] [35] [36] [37] [38]
Underfull \hbox (badness 10000) in paragraph at lines 1309--1313


\hbox(0.0+0.0)x433.62
.\glue(\rightskip) 0.0

) [39] (modules.tex [40

] [41] [42] [43] [44] [45] [46] [47] [48] [49] [50]
[51]) [52] (basic.tex [53

] [54] (class-fig.tex) [55]
Overfull \hbox (4.6542pt too wide) in paragraph at lines 406--406
[][] 

\hbox(7.60416+2.43333)x415.0
.\hbox(0.0+0.0)x0.0
.\hbox(7.60416+2.43333)x419.6542
..\elvtt d
..\elvtt a
..\elvtt t
..\elvtt a
..\glue 5.74869
..etc.
.\penalty 10000
.\glue 0.0 plus 1.0fil
.\penalty -10000
.etc.

[56] [57] [58] [59] [60] [61] [62] [63]
Overfull \hbox (3.03421pt too wide) in paragraph at lines 765--774
[] 

\hbox(9.53749+4.0625)x433.62
.\hbox(9.53749+4.0625)x436.6542
..\mathon
..\vbox(9.53749+4.0625)x436.6542
...\hbox(9.51996+4.08003)x436.6542 []
..\mathoff
.\penalty 10000
.\glue 0.0 plus 1.0fil
.\penalty -10000
.\glue(\rightskip) 0.0

[64]) [65] (io.tex [66

] [67] [68] [69] [70] [71] [72] [73] [74]
Underfull \hbox (badness 10000) in paragraph at lines 724--734


\hbox(0.0+0.0)x433.62
.\glue(\rightskip) 0.0

[75] [76] [77]
Underfull \hbox (badness 10000) in paragraph at lines 752--769


\hbox(0.0+0.0)x433.62
.\glue(\rightskip) 0.0


Overfull \hbox (8.7829pt too wide) in paragraph at lines 769--788
[] 

\hbox(110.33742+104.86243)x433.62
.\hbox(110.33742+104.86243)x442.4029
..\mathon
..\vbox(110.33742+104.86243)x442.4029
...\hbox(9.51996+4.08003)x442.4029 []
...\glue(\lineskip) 0.0
...\hbox(9.51996+4.08003)x442.4029 []
...\glue(\lineskip) 0.0
...\hbox(9.51996+4.08003)x442.4029 []
...etc.
..\mathoff
.\penalty 10000
.\glue 0.0 plus 1.0fil
.\penalty -10000
.\glue(\rightskip) 0.0


Underfull \hbox (badness 10000) in paragraph at lines 769--788


\hbox(0.0+0.0)x433.62
.\glue(\rightskip) 0.0

) [78] (prelude.tex (Prelude.tex)
Overfull \hbox (1.18158pt too wide) in paragraph at lines 1--11
[] 

\hbox(63.93745+58.46246)x433.62
.\hbox(63.93745+58.46246)x434.80157
..\mathon
..\vbox(63.93745+58.46246)x434.80157
...\hbox(9.51996+4.08003)x434.80157 []
...\glue(\lineskip) 0.0
...\hbox(9.51996+4.08003)x434.80157 []
...\glue(\lineskip) 0.0
...\hbox(9.51996+4.08003)x434.80157 []
...etc.
..\mathoff
.\penalty 10000
.\glue 0.0 plus 1.0fil
.\penalty -10000
.\glue(\rightskip) 0.0


Overfull \hbox (20.52634pt too wide) in paragraph at lines 1--11
[] 

\hbox(50.33746+44.86247)x433.62
.\hbox(50.33746+44.86247)x454.14633
..\mathon
..\vbox(50.33746+44.86247)x454.14633
...\hbox(9.51996+4.08003)x454.14633 []
...\glue(\lineskip) 0.0
...\hbox(9.51996+4.08003)x454.14633 []
...\glue(\lineskip) 0.0
...\hbox(9.51996+4.08003)x454.14633 []
...etc.
..\mathoff
.\penalty 10000
.\glue 0.0 plus 1.0fil
.\penalty -10000
.\glue(\rightskip) 0.0


Underfull \hbox (badness 10000) in paragraph at lines 1--11


\hbox(0.0+0.0)x433.62
.\glue(\rightskip) 0.0

[79

] [80] [81] [82] (PreludeBuiltin.tex)
Underfull \hbox (badness 10000) in paragraph at lines 1--15


\hbox(0.0+0.0)x433.62
.\glue(\rightskip) 0.0

[83

] [84] (PreludeCore.tex)
Overfull \hbox (3.28027pt too wide) in paragraph at lines 1--25
[] 

\hbox(57.13745+51.66248)x433.62
.\hbox(57.13745+51.66248)x436.90027
..\mathon
..\vbox(57.13745+51.66248)x436.90027
...\hbox(9.51996+4.08003)x436.90027 []
...\glue(\lineskip) 0.0
...\hbox(9.51996+4.08003)x436.90027 []
...\glue(\lineskip) 0.0
...\hbox(9.51996+4.08003)x436.90027 []
...etc.
..\mathoff
.\penalty 10000
.\glue 0.0 plus 1.0fil
.\penalty -10000
.\glue(\rightskip) 0.0


Underfull \hbox (badness 10000) in paragraph at lines 1--25


\hbox(0.0+0.0)x433.62
.\glue(\rightskip) 0.0

[85

] [86] [87] [88] [89] [90] [91] [92] [93] (PreludeRatio.tex)
Underfull \hbox (badness 10000) in paragraph at lines 1--29


\hbox(0.0+0.0)x433.62
.\glue(\rightskip) 0.0

[94

] [95] (PreludeComplex.tex)
Underfull \hbox (badness 10000) in paragraph at lines 1--33


\hbox(0.0+0.0)x433.62
.\glue(\rightskip) 0.0

[96

] [97] [98] (PreludeList.tex)
Overfull \hbox (20.52634pt too wide) in paragraph at lines 1--37
[] 

\hbox(29.93747+24.4625)x433.62
.\hbox(29.93747+24.4625)x454.14633
..\mathon
..\vbox(29.93747+24.4625)x454.14633
...\hbox(9.51996+4.08003)x454.14633 []
...\glue(\lineskip) 0.0
...\hbox(9.51996+4.08003)x454.14633 []
...\glue(\lineskip) 0.0
...\hbox(9.51996+4.08003)x454.14633 []
...etc.
..\mathoff
.\penalty 10000
.\glue 0.0 plus 1.0fil
.\penalty -10000
.\glue(\rightskip) 0.0


Overfull \hbox (9.02896pt too wide) in paragraph at lines 1--37
[] 

\hbox(100.73743+95.26244)x433.62
.\hbox(100.73743+95.26244)x442.64896
..\mathon
..\vbox(100.73743+95.26244)x442.64896
...\hbox(9.51996+4.08003)x442.64896 []
...\glue(\lineskip) 0.0
...\hbox(9.51996+4.08003)x442.64896 []
...\glue(\lineskip) 0.0
...\hbox(9.51996+4.08003)x442.64896 []
...etc.
..\mathoff
.\penalty 10000
.\glue 0.0 plus 1.0fil
.\penalty -10000
.\glue(\rightskip) 0.0


Overfull \hbox (3.28027pt too wide) in paragraph at lines 1--37
[] 

\hbox(66.73744+61.26247)x433.62
.\hbox(66.73744+61.26247)x436.90027
..\mathon
..\vbox(66.73744+61.26247)x436.90027
...\hbox(9.51996+4.08003)x436.90027 []
...\glue(\lineskip) 0.0
...\hbox(9.51996+4.08003)x436.90027 []
...\glue(\lineskip) 0.0
...\hbox(9.51996+4.08003)x436.90027 []
...etc.
..\mathoff
.\penalty 10000
.\glue 0.0 plus 1.0fil
.\penalty -10000
.\glue(\rightskip) 0.0


Overfull \hbox (9.02896pt too wide) in paragraph at lines 1--37
[] 

\hbox(29.93747+24.4625)x433.62
.\hbox(29.93747+24.4625)x442.64896
..\mathon
..\vbox(29.93747+24.4625)x442.64896
...\hbox(9.51996+4.08003)x442.64896 []
...\glue(\lineskip) 0.0
...\hbox(9.51996+4.08003)x442.64896 []
...\glue(\lineskip) 0.0
...\hbox(9.51996+4.08003)x442.64896 []
...etc.
..\mathoff
.\penalty 10000
.\glue 0.0 plus 1.0fil
.\penalty -10000
.\glue(\rightskip) 0.0


Overfull \hbox (14.77765pt too wide) in paragraph at lines 1--37
[] 

\hbox(23.13748+17.66249)x433.62
.\hbox(23.13748+17.66249)x448.39764
..\mathon
..\vbox(23.13748+17.66249)x448.39764
...\hbox(9.51996+4.08003)x448.39764 []
...\glue(\lineskip) 0.0
...\hbox(9.51996+4.08003)x448.39764 []
...\glue(\lineskip) 0.0
...\hbox(9.51996+4.08003)x448.39764 []
..\mathoff
.\penalty 10000
.\glue 0.0 plus 1.0fil
.\penalty -10000
.\glue(\rightskip) 0.0


Overfull \hbox (9.02896pt too wide) in paragraph at lines 1--37
[] 

\hbox(23.13748+17.66249)x433.62
.\hbox(23.13748+17.66249)x442.64896
..\mathon
..\vbox(23.13748+17.66249)x442.64896
...\hbox(9.51996+4.08003)x442.64896 []
...\glue(\lineskip) 0.0
...\hbox(9.51996+4.08003)x442.64896 []
...\glue(\lineskip) 0.0
...\hbox(9.51996+4.08003)x442.64896 []
..\mathoff
.\penalty 10000
.\glue 0.0 plus 1.0fil
.\penalty -10000
.\glue(\rightskip) 0.0


Underfull \hbox (badness 10000) in paragraph at lines 1--37


\hbox(0.0+0.0)x433.62
.\glue(\rightskip) 0.0

[99

] [100] [101] [102] [103] [104] [105] [106] (PreludeArray.tex)
Overfull \hbox (3.28027pt too wide) in paragraph at lines 1--41
[] 

\hbox(70.73744+65.26247)x433.62
.\hbox(70.73744+65.26247)x436.90027
..\mathon
..\vbox(70.73744+65.26247)x436.90027
...\hbox(9.51996+4.08003)x436.90027 []
...\glue(\lineskip) 0.0
...\hbox(9.51996+4.08003)x436.90027 []
...\glue(\lineskip) 0.0
...\hbox(9.51996+4.08003)x436.90027 []
...etc.
..\mathoff
.\penalty 10000
.\glue 0.0 plus 1.0fil
.\penalty -10000
.\glue(\rightskip) 0.0


Overfull \hbox (3.28027pt too wide) in paragraph at lines 1--41
[] 

\hbox(23.13748+17.66249)x433.62
.\hbox(23.13748+17.66249)x436.90027
..\mathon
..\vbox(23.13748+17.66249)x436.90027
...\hbox(9.51996+4.08003)x436.90027 []
...\glue(\lineskip) 0.0
...\hbox(9.51996+4.08003)x436.90027 []
...\glue(\lineskip) 0.0
...\hbox(9.51996+4.08003)x436.90027 []
..\mathoff
.\penalty 10000
.\glue 0.0 plus 1.0fil
.\penalty -10000
.\glue(\rightskip) 0.0


Underfull \hbox (badness 10000) in paragraph at lines 1--41


\hbox(0.0+0.0)x433.62
.\glue(\rightskip) 0.0

[107

] [108] (PreludeText.tex)
Overfull \hbox (9.02896pt too wide) in paragraph at lines 1--45
[] 

\hbox(100.73743+95.26244)x433.62
.\hbox(100.73743+95.26244)x442.64896
..\mathon
..\vbox(100.73743+95.26244)x442.64896
...\hbox(9.51996+4.08003)x442.64896 []
...\glue(\lineskip) 0.0
...\hbox(9.51996+4.08003)x442.64896 []
...\glue(\lineskip) 0.0
...\hbox(9.51996+4.08003)x442.64896 []
...etc.
..\mathoff
.\penalty 10000
.\glue 0.0 plus 1.0fil
.\penalty -10000
.\glue(\rightskip) 0.0


Overfull \hbox (9.02896pt too wide) in paragraph at lines 1--45
[] 

\hbox(137.5374+132.06241)x433.62
.\hbox(137.5374+132.06241)x442.64896
..\mathon
..\vbox(137.5374+132.06241)x442.64896
...\hbox(9.51996+4.08003)x442.64896 []
...\glue(\lineskip) 0.0
...\hbox(9.51996+4.08003)x442.64896 []
...\glue(\lineskip) 0.0
...\hbox(9.51996+4.08003)x442.64896 []
...etc.
..\mathoff
.\penalty 10000
.\glue 0.0 plus 1.0fil
.\penalty -10000
.\glue(\rightskip) 0.0


Overfull \hbox (20.52634pt too wide) in paragraph at lines 1--45
[] 

\hbox(129.5374+124.06241)x433.62
.\hbox(129.5374+124.06241)x454.14633
..\mathon
..\vbox(129.5374+124.06241)x454.14633
...\hbox(9.51996+4.08003)x454.14633 []
...\glue(\lineskip) 0.0
...\hbox(9.51996+4.08003)x454.14633 []
...\glue -8.0
...\glue(\lineskip) 0.0
...etc.
..\mathoff
.\penalty 10000
.\glue 0.0 plus 1.0fil
.\penalty -10000
.\glue(\rightskip) 0.0


Overfull \hbox (3.28027pt too wide) in paragraph at lines 1--45
[] 

\hbox(50.33746+44.86247)x433.62
.\hbox(50.33746+44.86247)x436.90027
..\mathon
..\vbox(50.33746+44.86247)x436.90027
...\hbox(9.51996+4.08003)x436.90027 []
...\glue(\lineskip) 0.0
...\hbox(9.51996+4.08003)x436.90027 []
...\glue(\lineskip) 0.0
...\hbox(9.51996+4.08003)x436.90027 []
...etc.
..\mathoff
.\penalty 10000
.\glue 0.0 plus 1.0fil
.\penalty -10000
.\glue(\rightskip) 0.0


Overfull \hbox (3.28027pt too wide) in paragraph at lines 1--45
[] 

\hbox(36.73747+31.26248)x433.62
.\hbox(36.73747+31.26248)x436.90027
..\mathon
..\vbox(36.73747+31.26248)x436.90027
...\hbox(9.51996+4.08003)x436.90027 []
...\glue(\lineskip) 0.0
...\hbox(9.51996+4.08003)x436.90027 []
...\glue(\lineskip) 0.0
...\hbox(9.51996+4.08003)x436.90027 []
...etc.
..\mathoff
.\penalty 10000
.\glue 0.0 plus 1.0fil
.\penalty -10000
.\glue(\rightskip) 0.0


Overfull \hbox (3.28027pt too wide) in paragraph at lines 1--45
[] 

\hbox(118.7374+113.26242)x433.62
.\hbox(118.7374+113.26242)x436.90027
..\mathon
..\vbox(118.7374+113.26242)x436.90027
...\hbox(9.51996+4.08003)x436.90027 []
...\glue(\lineskip) 0.0
...\hbox(9.51996+4.08003)x436.90027 []
...\glue -8.0
...\glue(\lineskip) 0.0
...etc.
..\mathoff
.\penalty 10000
.\glue 0.0 plus 1.0fil
.\penalty -10000
.\glue(\rightskip) 0.0


Underfull \hbox (badness 10000) in paragraph at lines 1--45


\hbox(0.0+0.0)x433.62
.\glue(\rightskip) 0.0

[109

] [110] [111] [112] [113] [114] [115] [116] (PreludeIO.tex)
Underfull \hbox (badness 10000) in paragraph at lines 1--50


\hbox(0.0+0.0)x433.62
.\glue(\rightskip) 0.0

[117

] [118] [119]) [120] (syntax.tex (syntax-changes-11.tex) [121

] [122]
(layout.tex [123]) [124] [125] [126] [127]) [128] (iosemant.tex [129

] [130]
[131]) [132] (iooptions.tex [133

]) [134] (derived.tex [135

]
Overfull \hbox (7.41452pt too wide) in paragraph at lines 150--154
[] 

\hbox(9.53749+4.0625)x406.24493
.\hbox(9.53749+4.0625)x413.65945
..\mathon
..\vbox(9.53749+4.0625)x413.65945
...\hbox(9.51996+4.08003)x413.65945 []
..\mathoff
.\penalty 10000
.\glue 0.0 plus 1.0fil
.\penalty -10000
.\glue(\rightskip) 0.0


Underfull \hbox (badness 10000) in paragraph at lines 154--160


\hbox(0.0+0.0)x406.24493
.\glue(\rightskip) 0.0

[136] [137] [138] [139]) [140] [141] [142] (index-extra.tex) (haskell.bbl
[143

]) [144] (haskell.ind (index-intro.tex) [145


]
Overfull \hbox (7.4804pt too wide) in paragraph at lines 117--118
[]|  \elvrm sim-ple pat-tern, \elvit see \elvrm sim-ple pat-tern bind-

\hbox(7.60416+2.12917)x199.31, glue set - 1.0
.\hbox(0.0+0.0)x0.0
.\rule(*+*)x0.0
.\penalty 10000
.\glue 20.0
.\glue 0.0
.etc.

[146] [147]
Overfull \hbox (1.06247pt too wide) in paragraph at lines 272--273
[]|  \elvrm con-di-tional, \elvit see \elvrm con-di-tional ex-pres-sion 

\hbox(7.60416+2.12917)x199.31, glue set - 1.0
.\hbox(0.0+0.0)x0.0
.\rule(*+*)x0.0
.\penalty 10000
.\glue 20.0
.\glue 0.0
.etc.

[148] [149] [150] [151]
Overfull \hbox (6.14209pt too wide) in paragraph at lines 665--666
[]|  \elvrm in-put/output, \elvit see \elvrm in-put/output se-man-

\hbox(8.2125+2.73749)x199.31, glue set - 1.0
.\hbox(0.0+0.0)x0.0
.\rule(*+*)x0.0
.\penalty 10000
.\glue 20.0
.\glue 0.0
.etc.

[152] [153]) (haskell.aux) ) 
Here is how much of TeX's memory you used:
 563 strings out of 4462
 5389 string characters out of 63240
 72835 words of memory out of 262141
 2428 multiletter control sequences out of 9500
 19605 words of font info for 74 fonts, out of 72000 for 255
 17 hyphenation exceptions out of 607
 16i,13n,18p,531b,364s stack positions out of 300i,40n,60p,3000b,4000s

Output written on haskell.dvi (163 pages, 468856 bytes).
